<?xml version="1.0" encoding="UTF-8"?>
<testng-results skipped="0" failed="0" total="102" passed="102">
  <reporter-output>
    <line>
      <![CDATA[priority is negative]]>
    </line>
    <line>
      <![CDATA[Zero priority]]>
    </line>
    <line>
      <![CDATA[1]]>
    </line>
    <line>
      <![CDATA[1]]>
    </line>
    <line>
      <![CDATA[1]]>
    </line>
    <line>
      <![CDATA[1]]>
    </line>
    <line>
      <![CDATA[1]]>
    </line>
    <line>
      <![CDATA[1]]>
    </line>
    <line>
      <![CDATA[1]]>
    </line>
    <line>
      <![CDATA[1]]>
    </line>
    <line>
      <![CDATA[1]]>
    </line>
    <line>
      <![CDATA[1]]>
    </line>
    <line>
      <![CDATA[1]]>
    </line>
    <line>
      <![CDATA[1]]>
    </line>
    <line>
      <![CDATA[1]]>
    </line>
    <line>
      <![CDATA[1]]>
    </line>
    <line>
      <![CDATA[1]]>
    </line>
    <line>
      <![CDATA[1]]>
    </line>
    <line>
      <![CDATA[1]]>
    </line>
    <line>
      <![CDATA[1]]>
    </line>
    <line>
      <![CDATA[1]]>
    </line>
    <line>
      <![CDATA[1]]>
    </line>
    <line>
      <![CDATA[1]]>
    </line>
    <line>
      <![CDATA[1]]>
    </line>
    <line>
      <![CDATA[1]]>
    </line>
    <line>
      <![CDATA[1]]>
    </line>
    <line>
      <![CDATA[1]]>
    </line>
    <line>
      <![CDATA[1]]>
    </line>
    <line>
      <![CDATA[1]]>
    </line>
    <line>
      <![CDATA[1]]>
    </line>
    <line>
      <![CDATA[1]]>
    </line>
    <line>
      <![CDATA[1]]>
    </line>
    <line>
      <![CDATA[1]]>
    </line>
    <line>
      <![CDATA[1]]>
    </line>
    <line>
      <![CDATA[1]]>
    </line>
    <line>
      <![CDATA[1]]>
    </line>
    <line>
      <![CDATA[1]]>
    </line>
    <line>
      <![CDATA[1]]>
    </line>
    <line>
      <![CDATA[1]]>
    </line>
    <line>
      <![CDATA[1]]>
    </line>
    <line>
      <![CDATA[1]]>
    </line>
    <line>
      <![CDATA[1]]>
    </line>
    <line>
      <![CDATA[1]]>
    </line>
    <line>
      <![CDATA[1]]>
    </line>
    <line>
      <![CDATA[1]]>
    </line>
    <line>
      <![CDATA[1]]>
    </line>
    <line>
      <![CDATA[1]]>
    </line>
    <line>
      <![CDATA[1]]>
    </line>
    <line>
      <![CDATA[1]]>
    </line>
    <line>
      <![CDATA[1]]>
    </line>
    <line>
      <![CDATA[1]]>
    </line>
    <line>
      <![CDATA[1]]>
    </line>
    <line>
      <![CDATA[1]]>
    </line>
    <line>
      <![CDATA[1]]>
    </line>
    <line>
      <![CDATA[1]]>
    </line>
    <line>
      <![CDATA[1]]>
    </line>
    <line>
      <![CDATA[1]]>
    </line>
    <line>
      <![CDATA[1]]>
    </line>
    <line>
      <![CDATA[1]]>
    </line>
    <line>
      <![CDATA[1]]>
    </line>
    <line>
      <![CDATA[1]]>
    </line>
    <line>
      <![CDATA[1]]>
    </line>
    <line>
      <![CDATA[1]]>
    </line>
    <line>
      <![CDATA[1]]>
    </line>
    <line>
      <![CDATA[1]]>
    </line>
    <line>
      <![CDATA[1]]>
    </line>
    <line>
      <![CDATA[1]]>
    </line>
    <line>
      <![CDATA[1]]>
    </line>
    <line>
      <![CDATA[1]]>
    </line>
    <line>
      <![CDATA[1]]>
    </line>
    <line>
      <![CDATA[1]]>
    </line>
    <line>
      <![CDATA[1]]>
    </line>
    <line>
      <![CDATA[1]]>
    </line>
    <line>
      <![CDATA[1]]>
    </line>
    <line>
      <![CDATA[1]]>
    </line>
    <line>
      <![CDATA[1]]>
    </line>
    <line>
      <![CDATA[1]]>
    </line>
    <line>
      <![CDATA[1]]>
    </line>
    <line>
      <![CDATA[1]]>
    </line>
    <line>
      <![CDATA[1]]>
    </line>
    <line>
      <![CDATA[1]]>
    </line>
    <line>
      <![CDATA[1]]>
    </line>
    <line>
      <![CDATA[1]]>
    </line>
    <line>
      <![CDATA[1]]>
    </line>
    <line>
      <![CDATA[1]]>
    </line>
    <line>
      <![CDATA[1]]>
    </line>
    <line>
      <![CDATA[1]]>
    </line>
    <line>
      <![CDATA[1]]>
    </line>
    <line>
      <![CDATA[1]]>
    </line>
    <line>
      <![CDATA[1]]>
    </line>
    <line>
      <![CDATA[1]]>
    </line>
    <line>
      <![CDATA[1]]>
    </line>
    <line>
      <![CDATA[1]]>
    </line>
    <line>
      <![CDATA[1]]>
    </line>
    <line>
      <![CDATA[1]]>
    </line>
    <line>
      <![CDATA[1]]>
    </line>
    <line>
      <![CDATA[1]]>
    </line>
    <line>
      <![CDATA[1]]>
    </line>
    <line>
      <![CDATA[1]]>
    </line>
    <line>
      <![CDATA[1]]>
    </line>
    <line>
      <![CDATA[1]]>
    </line>
    <line>
      <![CDATA[1]]>
    </line>
  </reporter-output>
  <suite name="Default suite" duration-ms="347" started-at="2019-10-14T11:03:04Z" finished-at="2019-10-14T11:03:05Z">
    <groups>
    </groups>
    <test name="Default test" duration-ms="347" started-at="2019-10-14T11:03:04Z" finished-at="2019-10-14T11:03:05Z">
      <class name="WorkFlowTestNG.Demo3">
        <test-method status="PASS" signature="test()[pri:-3, instance:WorkFlowTestNG.Demo3@763d9750]" name="test" duration-ms="15" started-at="2019-10-14T16:33:04Z" finished-at="2019-10-14T16:33:04Z">
          <reporter-output>
            <line>
              <![CDATA[priority is negative]]>
            </line>
          </reporter-output>
        </test-method> <!-- test -->
        <test-method status="PASS" signature="test3()[pri:0, instance:WorkFlowTestNG.Demo3@763d9750]" name="test3" duration-ms="1" started-at="2019-10-14T16:33:04Z" finished-at="2019-10-14T16:33:04Z">
          <reporter-output>
            <line>
              <![CDATA[Zero priority]]>
            </line>
          </reporter-output>
        </test-method> <!-- test3 -->
        <test-method status="PASS" signature="test1()[pri:1, instance:WorkFlowTestNG.Demo3@763d9750]" name="test1" duration-ms="2" started-at="2019-10-14T16:33:04Z" finished-at="2019-10-14T16:33:04Z">
          <reporter-output>
            <line>
              <![CDATA[1]]>
            </line>
          </reporter-output>
        </test-method> <!-- test1 -->
        <test-method status="PASS" signature="test1()[pri:1, instance:WorkFlowTestNG.Demo3@763d9750]" name="test1" duration-ms="1" started-at="2019-10-14T16:33:04Z" finished-at="2019-10-14T16:33:04Z">
          <reporter-output>
            <line>
              <![CDATA[1]]>
            </line>
          </reporter-output>
        </test-method> <!-- test1 -->
        <test-method status="PASS" signature="test1()[pri:1, instance:WorkFlowTestNG.Demo3@763d9750]" name="test1" duration-ms="1" started-at="2019-10-14T16:33:04Z" finished-at="2019-10-14T16:33:04Z">
          <reporter-output>
            <line>
              <![CDATA[1]]>
            </line>
          </reporter-output>
        </test-method> <!-- test1 -->
        <test-method status="PASS" signature="test1()[pri:1, instance:WorkFlowTestNG.Demo3@763d9750]" name="test1" duration-ms="1" started-at="2019-10-14T16:33:04Z" finished-at="2019-10-14T16:33:04Z">
          <reporter-output>
            <line>
              <![CDATA[1]]>
            </line>
          </reporter-output>
        </test-method> <!-- test1 -->
        <test-method status="PASS" signature="test1()[pri:1, instance:WorkFlowTestNG.Demo3@763d9750]" name="test1" duration-ms="1" started-at="2019-10-14T16:33:04Z" finished-at="2019-10-14T16:33:04Z">
          <reporter-output>
            <line>
              <![CDATA[1]]>
            </line>
          </reporter-output>
        </test-method> <!-- test1 -->
        <test-method status="PASS" signature="test1()[pri:1, instance:WorkFlowTestNG.Demo3@763d9750]" name="test1" duration-ms="2" started-at="2019-10-14T16:33:04Z" finished-at="2019-10-14T16:33:04Z">
          <reporter-output>
            <line>
              <![CDATA[1]]>
            </line>
          </reporter-output>
        </test-method> <!-- test1 -->
        <test-method status="PASS" signature="test1()[pri:1, instance:WorkFlowTestNG.Demo3@763d9750]" name="test1" duration-ms="1" started-at="2019-10-14T16:33:04Z" finished-at="2019-10-14T16:33:04Z">
          <reporter-output>
            <line>
              <![CDATA[1]]>
            </line>
          </reporter-output>
        </test-method> <!-- test1 -->
        <test-method status="PASS" signature="test1()[pri:1, instance:WorkFlowTestNG.Demo3@763d9750]" name="test1" duration-ms="1" started-at="2019-10-14T16:33:04Z" finished-at="2019-10-14T16:33:04Z">
          <reporter-output>
            <line>
              <![CDATA[1]]>
            </line>
          </reporter-output>
        </test-method> <!-- test1 -->
        <test-method status="PASS" signature="test1()[pri:1, instance:WorkFlowTestNG.Demo3@763d9750]" name="test1" duration-ms="1" started-at="2019-10-14T16:33:04Z" finished-at="2019-10-14T16:33:04Z">
          <reporter-output>
            <line>
              <![CDATA[1]]>
            </line>
          </reporter-output>
        </test-method> <!-- test1 -->
        <test-method status="PASS" signature="test1()[pri:1, instance:WorkFlowTestNG.Demo3@763d9750]" name="test1" duration-ms="1" started-at="2019-10-14T16:33:04Z" finished-at="2019-10-14T16:33:04Z">
          <reporter-output>
            <line>
              <![CDATA[1]]>
            </line>
          </reporter-output>
        </test-method> <!-- test1 -->
        <test-method status="PASS" signature="test1()[pri:1, instance:WorkFlowTestNG.Demo3@763d9750]" name="test1" duration-ms="2" started-at="2019-10-14T16:33:04Z" finished-at="2019-10-14T16:33:04Z">
          <reporter-output>
            <line>
              <![CDATA[1]]>
            </line>
          </reporter-output>
        </test-method> <!-- test1 -->
        <test-method status="PASS" signature="test1()[pri:1, instance:WorkFlowTestNG.Demo3@763d9750]" name="test1" duration-ms="2" started-at="2019-10-14T16:33:04Z" finished-at="2019-10-14T16:33:04Z">
          <reporter-output>
            <line>
              <![CDATA[1]]>
            </line>
          </reporter-output>
        </test-method> <!-- test1 -->
        <test-method status="PASS" signature="test1()[pri:1, instance:WorkFlowTestNG.Demo3@763d9750]" name="test1" duration-ms="1" started-at="2019-10-14T16:33:04Z" finished-at="2019-10-14T16:33:04Z">
          <reporter-output>
            <line>
              <![CDATA[1]]>
            </line>
          </reporter-output>
        </test-method> <!-- test1 -->
        <test-method status="PASS" signature="test1()[pri:1, instance:WorkFlowTestNG.Demo3@763d9750]" name="test1" duration-ms="1" started-at="2019-10-14T16:33:04Z" finished-at="2019-10-14T16:33:04Z">
          <reporter-output>
            <line>
              <![CDATA[1]]>
            </line>
          </reporter-output>
        </test-method> <!-- test1 -->
        <test-method status="PASS" signature="test1()[pri:1, instance:WorkFlowTestNG.Demo3@763d9750]" name="test1" duration-ms="3" started-at="2019-10-14T16:33:04Z" finished-at="2019-10-14T16:33:04Z">
          <reporter-output>
            <line>
              <![CDATA[1]]>
            </line>
          </reporter-output>
        </test-method> <!-- test1 -->
        <test-method status="PASS" signature="test1()[pri:1, instance:WorkFlowTestNG.Demo3@763d9750]" name="test1" duration-ms="2" started-at="2019-10-14T16:33:04Z" finished-at="2019-10-14T16:33:04Z">
          <reporter-output>
            <line>
              <![CDATA[1]]>
            </line>
          </reporter-output>
        </test-method> <!-- test1 -->
        <test-method status="PASS" signature="test1()[pri:1, instance:WorkFlowTestNG.Demo3@763d9750]" name="test1" duration-ms="2" started-at="2019-10-14T16:33:04Z" finished-at="2019-10-14T16:33:04Z">
          <reporter-output>
            <line>
              <![CDATA[1]]>
            </line>
          </reporter-output>
        </test-method> <!-- test1 -->
        <test-method status="PASS" signature="test1()[pri:1, instance:WorkFlowTestNG.Demo3@763d9750]" name="test1" duration-ms="1" started-at="2019-10-14T16:33:04Z" finished-at="2019-10-14T16:33:04Z">
          <reporter-output>
            <line>
              <![CDATA[1]]>
            </line>
          </reporter-output>
        </test-method> <!-- test1 -->
        <test-method status="PASS" signature="test1()[pri:1, instance:WorkFlowTestNG.Demo3@763d9750]" name="test1" duration-ms="1" started-at="2019-10-14T16:33:04Z" finished-at="2019-10-14T16:33:04Z">
          <reporter-output>
            <line>
              <![CDATA[1]]>
            </line>
          </reporter-output>
        </test-method> <!-- test1 -->
        <test-method status="PASS" signature="test1()[pri:1, instance:WorkFlowTestNG.Demo3@763d9750]" name="test1" duration-ms="1" started-at="2019-10-14T16:33:04Z" finished-at="2019-10-14T16:33:04Z">
          <reporter-output>
            <line>
              <![CDATA[1]]>
            </line>
          </reporter-output>
        </test-method> <!-- test1 -->
        <test-method status="PASS" signature="test1()[pri:1, instance:WorkFlowTestNG.Demo3@763d9750]" name="test1" duration-ms="1" started-at="2019-10-14T16:33:04Z" finished-at="2019-10-14T16:33:04Z">
          <reporter-output>
            <line>
              <![CDATA[1]]>
            </line>
          </reporter-output>
        </test-method> <!-- test1 -->
        <test-method status="PASS" signature="test1()[pri:1, instance:WorkFlowTestNG.Demo3@763d9750]" name="test1" duration-ms="1" started-at="2019-10-14T16:33:04Z" finished-at="2019-10-14T16:33:04Z">
          <reporter-output>
            <line>
              <![CDATA[1]]>
            </line>
          </reporter-output>
        </test-method> <!-- test1 -->
        <test-method status="PASS" signature="test1()[pri:1, instance:WorkFlowTestNG.Demo3@763d9750]" name="test1" duration-ms="1" started-at="2019-10-14T16:33:04Z" finished-at="2019-10-14T16:33:04Z">
          <reporter-output>
            <line>
              <![CDATA[1]]>
            </line>
          </reporter-output>
        </test-method> <!-- test1 -->
        <test-method status="PASS" signature="test1()[pri:1, instance:WorkFlowTestNG.Demo3@763d9750]" name="test1" duration-ms="2" started-at="2019-10-14T16:33:04Z" finished-at="2019-10-14T16:33:04Z">
          <reporter-output>
            <line>
              <![CDATA[1]]>
            </line>
          </reporter-output>
        </test-method> <!-- test1 -->
        <test-method status="PASS" signature="test1()[pri:1, instance:WorkFlowTestNG.Demo3@763d9750]" name="test1" duration-ms="1" started-at="2019-10-14T16:33:04Z" finished-at="2019-10-14T16:33:04Z">
          <reporter-output>
            <line>
              <![CDATA[1]]>
            </line>
          </reporter-output>
        </test-method> <!-- test1 -->
        <test-method status="PASS" signature="test1()[pri:1, instance:WorkFlowTestNG.Demo3@763d9750]" name="test1" duration-ms="2" started-at="2019-10-14T16:33:04Z" finished-at="2019-10-14T16:33:04Z">
          <reporter-output>
            <line>
              <![CDATA[1]]>
            </line>
          </reporter-output>
        </test-method> <!-- test1 -->
        <test-method status="PASS" signature="test1()[pri:1, instance:WorkFlowTestNG.Demo3@763d9750]" name="test1" duration-ms="1" started-at="2019-10-14T16:33:04Z" finished-at="2019-10-14T16:33:04Z">
          <reporter-output>
            <line>
              <![CDATA[1]]>
            </line>
          </reporter-output>
        </test-method> <!-- test1 -->
        <test-method status="PASS" signature="test1()[pri:1, instance:WorkFlowTestNG.Demo3@763d9750]" name="test1" duration-ms="1" started-at="2019-10-14T16:33:04Z" finished-at="2019-10-14T16:33:04Z">
          <reporter-output>
            <line>
              <![CDATA[1]]>
            </line>
          </reporter-output>
        </test-method> <!-- test1 -->
        <test-method status="PASS" signature="test1()[pri:1, instance:WorkFlowTestNG.Demo3@763d9750]" name="test1" duration-ms="1" started-at="2019-10-14T16:33:04Z" finished-at="2019-10-14T16:33:04Z">
          <reporter-output>
            <line>
              <![CDATA[1]]>
            </line>
          </reporter-output>
        </test-method> <!-- test1 -->
        <test-method status="PASS" signature="test1()[pri:1, instance:WorkFlowTestNG.Demo3@763d9750]" name="test1" duration-ms="1" started-at="2019-10-14T16:33:04Z" finished-at="2019-10-14T16:33:04Z">
          <reporter-output>
            <line>
              <![CDATA[1]]>
            </line>
          </reporter-output>
        </test-method> <!-- test1 -->
        <test-method status="PASS" signature="test1()[pri:1, instance:WorkFlowTestNG.Demo3@763d9750]" name="test1" duration-ms="1" started-at="2019-10-14T16:33:04Z" finished-at="2019-10-14T16:33:04Z">
          <reporter-output>
            <line>
              <![CDATA[1]]>
            </line>
          </reporter-output>
        </test-method> <!-- test1 -->
        <test-method status="PASS" signature="test1()[pri:1, instance:WorkFlowTestNG.Demo3@763d9750]" name="test1" duration-ms="1" started-at="2019-10-14T16:33:04Z" finished-at="2019-10-14T16:33:04Z">
          <reporter-output>
            <line>
              <![CDATA[1]]>
            </line>
          </reporter-output>
        </test-method> <!-- test1 -->
        <test-method status="PASS" signature="test1()[pri:1, instance:WorkFlowTestNG.Demo3@763d9750]" name="test1" duration-ms="1" started-at="2019-10-14T16:33:04Z" finished-at="2019-10-14T16:33:04Z">
          <reporter-output>
            <line>
              <![CDATA[1]]>
            </line>
          </reporter-output>
        </test-method> <!-- test1 -->
        <test-method status="PASS" signature="test1()[pri:1, instance:WorkFlowTestNG.Demo3@763d9750]" name="test1" duration-ms="1" started-at="2019-10-14T16:33:04Z" finished-at="2019-10-14T16:33:04Z">
          <reporter-output>
            <line>
              <![CDATA[1]]>
            </line>
          </reporter-output>
        </test-method> <!-- test1 -->
        <test-method status="PASS" signature="test1()[pri:1, instance:WorkFlowTestNG.Demo3@763d9750]" name="test1" duration-ms="0" started-at="2019-10-14T16:33:04Z" finished-at="2019-10-14T16:33:04Z">
          <reporter-output>
            <line>
              <![CDATA[1]]>
            </line>
          </reporter-output>
        </test-method> <!-- test1 -->
        <test-method status="PASS" signature="test1()[pri:1, instance:WorkFlowTestNG.Demo3@763d9750]" name="test1" duration-ms="1" started-at="2019-10-14T16:33:04Z" finished-at="2019-10-14T16:33:04Z">
          <reporter-output>
            <line>
              <![CDATA[1]]>
            </line>
          </reporter-output>
        </test-method> <!-- test1 -->
        <test-method status="PASS" signature="test1()[pri:1, instance:WorkFlowTestNG.Demo3@763d9750]" name="test1" duration-ms="0" started-at="2019-10-14T16:33:04Z" finished-at="2019-10-14T16:33:04Z">
          <reporter-output>
            <line>
              <![CDATA[1]]>
            </line>
          </reporter-output>
        </test-method> <!-- test1 -->
        <test-method status="PASS" signature="test1()[pri:1, instance:WorkFlowTestNG.Demo3@763d9750]" name="test1" duration-ms="1" started-at="2019-10-14T16:33:04Z" finished-at="2019-10-14T16:33:04Z">
          <reporter-output>
            <line>
              <![CDATA[1]]>
            </line>
          </reporter-output>
        </test-method> <!-- test1 -->
        <test-method status="PASS" signature="test1()[pri:1, instance:WorkFlowTestNG.Demo3@763d9750]" name="test1" duration-ms="1" started-at="2019-10-14T16:33:04Z" finished-at="2019-10-14T16:33:04Z">
          <reporter-output>
            <line>
              <![CDATA[1]]>
            </line>
          </reporter-output>
        </test-method> <!-- test1 -->
        <test-method status="PASS" signature="test1()[pri:1, instance:WorkFlowTestNG.Demo3@763d9750]" name="test1" duration-ms="1" started-at="2019-10-14T16:33:04Z" finished-at="2019-10-14T16:33:04Z">
          <reporter-output>
            <line>
              <![CDATA[1]]>
            </line>
          </reporter-output>
        </test-method> <!-- test1 -->
        <test-method status="PASS" signature="test1()[pri:1, instance:WorkFlowTestNG.Demo3@763d9750]" name="test1" duration-ms="1" started-at="2019-10-14T16:33:04Z" finished-at="2019-10-14T16:33:04Z">
          <reporter-output>
            <line>
              <![CDATA[1]]>
            </line>
          </reporter-output>
        </test-method> <!-- test1 -->
        <test-method status="PASS" signature="test1()[pri:1, instance:WorkFlowTestNG.Demo3@763d9750]" name="test1" duration-ms="1" started-at="2019-10-14T16:33:04Z" finished-at="2019-10-14T16:33:04Z">
          <reporter-output>
            <line>
              <![CDATA[1]]>
            </line>
          </reporter-output>
        </test-method> <!-- test1 -->
        <test-method status="PASS" signature="test1()[pri:1, instance:WorkFlowTestNG.Demo3@763d9750]" name="test1" duration-ms="1" started-at="2019-10-14T16:33:04Z" finished-at="2019-10-14T16:33:04Z">
          <reporter-output>
            <line>
              <![CDATA[1]]>
            </line>
          </reporter-output>
        </test-method> <!-- test1 -->
        <test-method status="PASS" signature="test1()[pri:1, instance:WorkFlowTestNG.Demo3@763d9750]" name="test1" duration-ms="1" started-at="2019-10-14T16:33:04Z" finished-at="2019-10-14T16:33:04Z">
          <reporter-output>
            <line>
              <![CDATA[1]]>
            </line>
          </reporter-output>
        </test-method> <!-- test1 -->
        <test-method status="PASS" signature="test1()[pri:1, instance:WorkFlowTestNG.Demo3@763d9750]" name="test1" duration-ms="1" started-at="2019-10-14T16:33:04Z" finished-at="2019-10-14T16:33:04Z">
          <reporter-output>
            <line>
              <![CDATA[1]]>
            </line>
          </reporter-output>
        </test-method> <!-- test1 -->
        <test-method status="PASS" signature="test1()[pri:1, instance:WorkFlowTestNG.Demo3@763d9750]" name="test1" duration-ms="1" started-at="2019-10-14T16:33:04Z" finished-at="2019-10-14T16:33:04Z">
          <reporter-output>
            <line>
              <![CDATA[1]]>
            </line>
          </reporter-output>
        </test-method> <!-- test1 -->
        <test-method status="PASS" signature="test1()[pri:1, instance:WorkFlowTestNG.Demo3@763d9750]" name="test1" duration-ms="1" started-at="2019-10-14T16:33:04Z" finished-at="2019-10-14T16:33:04Z">
          <reporter-output>
            <line>
              <![CDATA[1]]>
            </line>
          </reporter-output>
        </test-method> <!-- test1 -->
        <test-method status="PASS" signature="test1()[pri:1, instance:WorkFlowTestNG.Demo3@763d9750]" name="test1" duration-ms="2" started-at="2019-10-14T16:33:04Z" finished-at="2019-10-14T16:33:05Z">
          <reporter-output>
            <line>
              <![CDATA[1]]>
            </line>
          </reporter-output>
        </test-method> <!-- test1 -->
        <test-method status="PASS" signature="test1()[pri:1, instance:WorkFlowTestNG.Demo3@763d9750]" name="test1" duration-ms="1" started-at="2019-10-14T16:33:05Z" finished-at="2019-10-14T16:33:05Z">
          <reporter-output>
            <line>
              <![CDATA[1]]>
            </line>
          </reporter-output>
        </test-method> <!-- test1 -->
        <test-method status="PASS" signature="test1()[pri:1, instance:WorkFlowTestNG.Demo3@763d9750]" name="test1" duration-ms="0" started-at="2019-10-14T16:33:05Z" finished-at="2019-10-14T16:33:05Z">
          <reporter-output>
            <line>
              <![CDATA[1]]>
            </line>
          </reporter-output>
        </test-method> <!-- test1 -->
        <test-method status="PASS" signature="test1()[pri:1, instance:WorkFlowTestNG.Demo3@763d9750]" name="test1" duration-ms="1" started-at="2019-10-14T16:33:05Z" finished-at="2019-10-14T16:33:05Z">
          <reporter-output>
            <line>
              <![CDATA[1]]>
            </line>
          </reporter-output>
        </test-method> <!-- test1 -->
        <test-method status="PASS" signature="test1()[pri:1, instance:WorkFlowTestNG.Demo3@763d9750]" name="test1" duration-ms="1" started-at="2019-10-14T16:33:05Z" finished-at="2019-10-14T16:33:05Z">
          <reporter-output>
            <line>
              <![CDATA[1]]>
            </line>
          </reporter-output>
        </test-method> <!-- test1 -->
        <test-method status="PASS" signature="test1()[pri:1, instance:WorkFlowTestNG.Demo3@763d9750]" name="test1" duration-ms="0" started-at="2019-10-14T16:33:05Z" finished-at="2019-10-14T16:33:05Z">
          <reporter-output>
            <line>
              <![CDATA[1]]>
            </line>
          </reporter-output>
        </test-method> <!-- test1 -->
        <test-method status="PASS" signature="test1()[pri:1, instance:WorkFlowTestNG.Demo3@763d9750]" name="test1" duration-ms="0" started-at="2019-10-14T16:33:05Z" finished-at="2019-10-14T16:33:05Z">
          <reporter-output>
            <line>
              <![CDATA[1]]>
            </line>
          </reporter-output>
        </test-method> <!-- test1 -->
        <test-method status="PASS" signature="test1()[pri:1, instance:WorkFlowTestNG.Demo3@763d9750]" name="test1" duration-ms="1" started-at="2019-10-14T16:33:05Z" finished-at="2019-10-14T16:33:05Z">
          <reporter-output>
            <line>
              <![CDATA[1]]>
            </line>
          </reporter-output>
        </test-method> <!-- test1 -->
        <test-method status="PASS" signature="test1()[pri:1, instance:WorkFlowTestNG.Demo3@763d9750]" name="test1" duration-ms="1" started-at="2019-10-14T16:33:05Z" finished-at="2019-10-14T16:33:05Z">
          <reporter-output>
            <line>
              <![CDATA[1]]>
            </line>
          </reporter-output>
        </test-method> <!-- test1 -->
        <test-method status="PASS" signature="test1()[pri:1, instance:WorkFlowTestNG.Demo3@763d9750]" name="test1" duration-ms="0" started-at="2019-10-14T16:33:05Z" finished-at="2019-10-14T16:33:05Z">
          <reporter-output>
            <line>
              <![CDATA[1]]>
            </line>
          </reporter-output>
        </test-method> <!-- test1 -->
        <test-method status="PASS" signature="test1()[pri:1, instance:WorkFlowTestNG.Demo3@763d9750]" name="test1" duration-ms="2" started-at="2019-10-14T16:33:05Z" finished-at="2019-10-14T16:33:05Z">
          <reporter-output>
            <line>
              <![CDATA[1]]>
            </line>
          </reporter-output>
        </test-method> <!-- test1 -->
        <test-method status="PASS" signature="test1()[pri:1, instance:WorkFlowTestNG.Demo3@763d9750]" name="test1" duration-ms="2" started-at="2019-10-14T16:33:05Z" finished-at="2019-10-14T16:33:05Z">
          <reporter-output>
            <line>
              <![CDATA[1]]>
            </line>
          </reporter-output>
        </test-method> <!-- test1 -->
        <test-method status="PASS" signature="test1()[pri:1, instance:WorkFlowTestNG.Demo3@763d9750]" name="test1" duration-ms="0" started-at="2019-10-14T16:33:05Z" finished-at="2019-10-14T16:33:05Z">
          <reporter-output>
            <line>
              <![CDATA[1]]>
            </line>
          </reporter-output>
        </test-method> <!-- test1 -->
        <test-method status="PASS" signature="test1()[pri:1, instance:WorkFlowTestNG.Demo3@763d9750]" name="test1" duration-ms="1" started-at="2019-10-14T16:33:05Z" finished-at="2019-10-14T16:33:05Z">
          <reporter-output>
            <line>
              <![CDATA[1]]>
            </line>
          </reporter-output>
        </test-method> <!-- test1 -->
        <test-method status="PASS" signature="test1()[pri:1, instance:WorkFlowTestNG.Demo3@763d9750]" name="test1" duration-ms="1" started-at="2019-10-14T16:33:05Z" finished-at="2019-10-14T16:33:05Z">
          <reporter-output>
            <line>
              <![CDATA[1]]>
            </line>
          </reporter-output>
        </test-method> <!-- test1 -->
        <test-method status="PASS" signature="test1()[pri:1, instance:WorkFlowTestNG.Demo3@763d9750]" name="test1" duration-ms="0" started-at="2019-10-14T16:33:05Z" finished-at="2019-10-14T16:33:05Z">
          <reporter-output>
            <line>
              <![CDATA[1]]>
            </line>
          </reporter-output>
        </test-method> <!-- test1 -->
        <test-method status="PASS" signature="test1()[pri:1, instance:WorkFlowTestNG.Demo3@763d9750]" name="test1" duration-ms="1" started-at="2019-10-14T16:33:05Z" finished-at="2019-10-14T16:33:05Z">
          <reporter-output>
            <line>
              <![CDATA[1]]>
            </line>
          </reporter-output>
        </test-method> <!-- test1 -->
        <test-method status="PASS" signature="test1()[pri:1, instance:WorkFlowTestNG.Demo3@763d9750]" name="test1" duration-ms="8" started-at="2019-10-14T16:33:05Z" finished-at="2019-10-14T16:33:05Z">
          <reporter-output>
            <line>
              <![CDATA[1]]>
            </line>
          </reporter-output>
        </test-method> <!-- test1 -->
        <test-method status="PASS" signature="test1()[pri:1, instance:WorkFlowTestNG.Demo3@763d9750]" name="test1" duration-ms="1" started-at="2019-10-14T16:33:05Z" finished-at="2019-10-14T16:33:05Z">
          <reporter-output>
            <line>
              <![CDATA[1]]>
            </line>
          </reporter-output>
        </test-method> <!-- test1 -->
        <test-method status="PASS" signature="test1()[pri:1, instance:WorkFlowTestNG.Demo3@763d9750]" name="test1" duration-ms="1" started-at="2019-10-14T16:33:05Z" finished-at="2019-10-14T16:33:05Z">
          <reporter-output>
            <line>
              <![CDATA[1]]>
            </line>
          </reporter-output>
        </test-method> <!-- test1 -->
        <test-method status="PASS" signature="test1()[pri:1, instance:WorkFlowTestNG.Demo3@763d9750]" name="test1" duration-ms="1" started-at="2019-10-14T16:33:05Z" finished-at="2019-10-14T16:33:05Z">
          <reporter-output>
            <line>
              <![CDATA[1]]>
            </line>
          </reporter-output>
        </test-method> <!-- test1 -->
        <test-method status="PASS" signature="test1()[pri:1, instance:WorkFlowTestNG.Demo3@763d9750]" name="test1" duration-ms="0" started-at="2019-10-14T16:33:05Z" finished-at="2019-10-14T16:33:05Z">
          <reporter-output>
            <line>
              <![CDATA[1]]>
            </line>
          </reporter-output>
        </test-method> <!-- test1 -->
        <test-method status="PASS" signature="test1()[pri:1, instance:WorkFlowTestNG.Demo3@763d9750]" name="test1" duration-ms="1" started-at="2019-10-14T16:33:05Z" finished-at="2019-10-14T16:33:05Z">
          <reporter-output>
            <line>
              <![CDATA[1]]>
            </line>
          </reporter-output>
        </test-method> <!-- test1 -->
        <test-method status="PASS" signature="test1()[pri:1, instance:WorkFlowTestNG.Demo3@763d9750]" name="test1" duration-ms="0" started-at="2019-10-14T16:33:05Z" finished-at="2019-10-14T16:33:05Z">
          <reporter-output>
            <line>
              <![CDATA[1]]>
            </line>
          </reporter-output>
        </test-method> <!-- test1 -->
        <test-method status="PASS" signature="test1()[pri:1, instance:WorkFlowTestNG.Demo3@763d9750]" name="test1" duration-ms="0" started-at="2019-10-14T16:33:05Z" finished-at="2019-10-14T16:33:05Z">
          <reporter-output>
            <line>
              <![CDATA[1]]>
            </line>
          </reporter-output>
        </test-method> <!-- test1 -->
        <test-method status="PASS" signature="test1()[pri:1, instance:WorkFlowTestNG.Demo3@763d9750]" name="test1" duration-ms="6" started-at="2019-10-14T16:33:05Z" finished-at="2019-10-14T16:33:05Z">
          <reporter-output>
            <line>
              <![CDATA[1]]>
            </line>
          </reporter-output>
        </test-method> <!-- test1 -->
        <test-method status="PASS" signature="test1()[pri:1, instance:WorkFlowTestNG.Demo3@763d9750]" name="test1" duration-ms="0" started-at="2019-10-14T16:33:05Z" finished-at="2019-10-14T16:33:05Z">
          <reporter-output>
            <line>
              <![CDATA[1]]>
            </line>
          </reporter-output>
        </test-method> <!-- test1 -->
        <test-method status="PASS" signature="test1()[pri:1, instance:WorkFlowTestNG.Demo3@763d9750]" name="test1" duration-ms="0" started-at="2019-10-14T16:33:05Z" finished-at="2019-10-14T16:33:05Z">
          <reporter-output>
            <line>
              <![CDATA[1]]>
            </line>
          </reporter-output>
        </test-method> <!-- test1 -->
        <test-method status="PASS" signature="test1()[pri:1, instance:WorkFlowTestNG.Demo3@763d9750]" name="test1" duration-ms="1" started-at="2019-10-14T16:33:05Z" finished-at="2019-10-14T16:33:05Z">
          <reporter-output>
            <line>
              <![CDATA[1]]>
            </line>
          </reporter-output>
        </test-method> <!-- test1 -->
        <test-method status="PASS" signature="test1()[pri:1, instance:WorkFlowTestNG.Demo3@763d9750]" name="test1" duration-ms="14" started-at="2019-10-14T16:33:05Z" finished-at="2019-10-14T16:33:05Z">
          <reporter-output>
            <line>
              <![CDATA[1]]>
            </line>
          </reporter-output>
        </test-method> <!-- test1 -->
        <test-method status="PASS" signature="test1()[pri:1, instance:WorkFlowTestNG.Demo3@763d9750]" name="test1" duration-ms="1" started-at="2019-10-14T16:33:05Z" finished-at="2019-10-14T16:33:05Z">
          <reporter-output>
            <line>
              <![CDATA[1]]>
            </line>
          </reporter-output>
        </test-method> <!-- test1 -->
        <test-method status="PASS" signature="test1()[pri:1, instance:WorkFlowTestNG.Demo3@763d9750]" name="test1" duration-ms="1" started-at="2019-10-14T16:33:05Z" finished-at="2019-10-14T16:33:05Z">
          <reporter-output>
            <line>
              <![CDATA[1]]>
            </line>
          </reporter-output>
        </test-method> <!-- test1 -->
        <test-method status="PASS" signature="test1()[pri:1, instance:WorkFlowTestNG.Demo3@763d9750]" name="test1" duration-ms="1" started-at="2019-10-14T16:33:05Z" finished-at="2019-10-14T16:33:05Z">
          <reporter-output>
            <line>
              <![CDATA[1]]>
            </line>
          </reporter-output>
        </test-method> <!-- test1 -->
        <test-method status="PASS" signature="test1()[pri:1, instance:WorkFlowTestNG.Demo3@763d9750]" name="test1" duration-ms="1" started-at="2019-10-14T16:33:05Z" finished-at="2019-10-14T16:33:05Z">
          <reporter-output>
            <line>
              <![CDATA[1]]>
            </line>
          </reporter-output>
        </test-method> <!-- test1 -->
        <test-method status="PASS" signature="test1()[pri:1, instance:WorkFlowTestNG.Demo3@763d9750]" name="test1" duration-ms="0" started-at="2019-10-14T16:33:05Z" finished-at="2019-10-14T16:33:05Z">
          <reporter-output>
            <line>
              <![CDATA[1]]>
            </line>
          </reporter-output>
        </test-method> <!-- test1 -->
        <test-method status="PASS" signature="test1()[pri:1, instance:WorkFlowTestNG.Demo3@763d9750]" name="test1" duration-ms="0" started-at="2019-10-14T16:33:05Z" finished-at="2019-10-14T16:33:05Z">
          <reporter-output>
            <line>
              <![CDATA[1]]>
            </line>
          </reporter-output>
        </test-method> <!-- test1 -->
        <test-method status="PASS" signature="test1()[pri:1, instance:WorkFlowTestNG.Demo3@763d9750]" name="test1" duration-ms="0" started-at="2019-10-14T16:33:05Z" finished-at="2019-10-14T16:33:05Z">
          <reporter-output>
            <line>
              <![CDATA[1]]>
            </line>
          </reporter-output>
        </test-method> <!-- test1 -->
        <test-method status="PASS" signature="test1()[pri:1, instance:WorkFlowTestNG.Demo3@763d9750]" name="test1" duration-ms="1" started-at="2019-10-14T16:33:05Z" finished-at="2019-10-14T16:33:05Z">
          <reporter-output>
            <line>
              <![CDATA[1]]>
            </line>
          </reporter-output>
        </test-method> <!-- test1 -->
        <test-method status="PASS" signature="test1()[pri:1, instance:WorkFlowTestNG.Demo3@763d9750]" name="test1" duration-ms="1" started-at="2019-10-14T16:33:05Z" finished-at="2019-10-14T16:33:05Z">
          <reporter-output>
            <line>
              <![CDATA[1]]>
            </line>
          </reporter-output>
        </test-method> <!-- test1 -->
        <test-method status="PASS" signature="test1()[pri:1, instance:WorkFlowTestNG.Demo3@763d9750]" name="test1" duration-ms="0" started-at="2019-10-14T16:33:05Z" finished-at="2019-10-14T16:33:05Z">
          <reporter-output>
            <line>
              <![CDATA[1]]>
            </line>
          </reporter-output>
        </test-method> <!-- test1 -->
        <test-method status="PASS" signature="test1()[pri:1, instance:WorkFlowTestNG.Demo3@763d9750]" name="test1" duration-ms="9" started-at="2019-10-14T16:33:05Z" finished-at="2019-10-14T16:33:05Z">
          <reporter-output>
            <line>
              <![CDATA[1]]>
            </line>
          </reporter-output>
        </test-method> <!-- test1 -->
        <test-method status="PASS" signature="test1()[pri:1, instance:WorkFlowTestNG.Demo3@763d9750]" name="test1" duration-ms="1" started-at="2019-10-14T16:33:05Z" finished-at="2019-10-14T16:33:05Z">
          <reporter-output>
            <line>
              <![CDATA[1]]>
            </line>
          </reporter-output>
        </test-method> <!-- test1 -->
        <test-method status="PASS" signature="test1()[pri:1, instance:WorkFlowTestNG.Demo3@763d9750]" name="test1" duration-ms="0" started-at="2019-10-14T16:33:05Z" finished-at="2019-10-14T16:33:05Z">
          <reporter-output>
            <line>
              <![CDATA[1]]>
            </line>
          </reporter-output>
        </test-method> <!-- test1 -->
        <test-method status="PASS" signature="test1()[pri:1, instance:WorkFlowTestNG.Demo3@763d9750]" name="test1" duration-ms="0" started-at="2019-10-14T16:33:05Z" finished-at="2019-10-14T16:33:05Z">
          <reporter-output>
            <line>
              <![CDATA[1]]>
            </line>
          </reporter-output>
        </test-method> <!-- test1 -->
        <test-method status="PASS" signature="test1()[pri:1, instance:WorkFlowTestNG.Demo3@763d9750]" name="test1" duration-ms="2" started-at="2019-10-14T16:33:05Z" finished-at="2019-10-14T16:33:05Z">
          <reporter-output>
            <line>
              <![CDATA[1]]>
            </line>
          </reporter-output>
        </test-method> <!-- test1 -->
        <test-method status="PASS" signature="test1()[pri:1, instance:WorkFlowTestNG.Demo3@763d9750]" name="test1" duration-ms="0" started-at="2019-10-14T16:33:05Z" finished-at="2019-10-14T16:33:05Z">
          <reporter-output>
            <line>
              <![CDATA[1]]>
            </line>
          </reporter-output>
        </test-method> <!-- test1 -->
        <test-method status="PASS" signature="test1()[pri:1, instance:WorkFlowTestNG.Demo3@763d9750]" name="test1" duration-ms="1" started-at="2019-10-14T16:33:05Z" finished-at="2019-10-14T16:33:05Z">
          <reporter-output>
            <line>
              <![CDATA[1]]>
            </line>
          </reporter-output>
        </test-method> <!-- test1 -->
        <test-method status="PASS" signature="test1()[pri:1, instance:WorkFlowTestNG.Demo3@763d9750]" name="test1" duration-ms="1" started-at="2019-10-14T16:33:05Z" finished-at="2019-10-14T16:33:05Z">
          <reporter-output>
            <line>
              <![CDATA[1]]>
            </line>
          </reporter-output>
        </test-method> <!-- test1 -->
        <test-method status="PASS" signature="test1()[pri:1, instance:WorkFlowTestNG.Demo3@763d9750]" name="test1" duration-ms="1" started-at="2019-10-14T16:33:05Z" finished-at="2019-10-14T16:33:05Z">
          <reporter-output>
            <line>
              <![CDATA[1]]>
            </line>
          </reporter-output>
        </test-method> <!-- test1 -->
        <test-method status="PASS" signature="test1()[pri:1, instance:WorkFlowTestNG.Demo3@763d9750]" name="test1" duration-ms="0" started-at="2019-10-14T16:33:05Z" finished-at="2019-10-14T16:33:05Z">
          <reporter-output>
            <line>
              <![CDATA[1]]>
            </line>
          </reporter-output>
        </test-method> <!-- test1 -->
        <test-method status="PASS" signature="test1()[pri:1, instance:WorkFlowTestNG.Demo3@763d9750]" name="test1" duration-ms="0" started-at="2019-10-14T16:33:05Z" finished-at="2019-10-14T16:33:05Z">
          <reporter-output>
            <line>
              <![CDATA[1]]>
            </line>
          </reporter-output>
        </test-method> <!-- test1 -->
        <test-method status="PASS" signature="test1()[pri:1, instance:WorkFlowTestNG.Demo3@763d9750]" name="test1" duration-ms="0" started-at="2019-10-14T16:33:05Z" finished-at="2019-10-14T16:33:05Z">
          <reporter-output>
            <line>
              <![CDATA[1]]>
            </line>
          </reporter-output>
        </test-method> <!-- test1 -->
        <test-method status="PASS" signature="test1()[pri:1, instance:WorkFlowTestNG.Demo3@763d9750]" name="test1" duration-ms="1" started-at="2019-10-14T16:33:05Z" finished-at="2019-10-14T16:33:05Z">
          <reporter-output>
            <line>
              <![CDATA[1]]>
            </line>
          </reporter-output>
        </test-method> <!-- test1 -->
      </class> <!-- WorkFlowTestNG.Demo3 -->
    </test> <!-- Default test -->
  </suite> <!-- Default suite -->
</testng-results>
